<?xml version="1.0" encoding="UTF-8"?>
<!-- Generated by org.testng.reporters.JUnitReportReporter -->
<testsuite skipped="0" hostname="LAPTOP-CGDPEO78" name="Demo1.NewTest" tests="1" failures="0" timestamp="19 Dec 2023 08:26:33 GMT" time="1.825" errors="0">
  <testcase name="inputFields" time="1.825" classname="Demo1.NewTest"/>
</testsuite> <!-- Demo1.NewTest -->
