<?xml version="1.0" encoding="UTF-8"?>
<!-- Generated by org.testng.reporters.JUnitReportReporter -->
<testsuite skipped="0" hostname="LAPTOP-CGDPEO78" name="com.acc.actitime.users.DeleteUser" tests="1" failures="0" timestamp="12 Feb 2023 16:22:49 GMT" time="0.002" errors="0">
  <testcase name="testDeleteUser" time="0.002" classname="com.acc.actitime.users.DeleteUser"/>
</testsuite> <!-- com.acc.actitime.users.DeleteUser -->
