<?xml version="1.0" encoding="UTF-8"?>
<!-- Generated by org.testng.reporters.JUnitReportReporter -->
<testsuite skipped="0" hostname="LAPTOP-CGDPEO78" name="com.acc.actitime.users.CreateUser" tests="1" failures="0" timestamp="12 Feb 2023 16:23:11 GMT" time="0.001" errors="0">
  <testcase name="testCreateUser" time="0.001" classname="com.acc.actitime.users.CreateUser"/>
</testsuite> <!-- com.acc.actitime.users.CreateUser -->
